\BOOKMARK [0][-]{chapter.1}{Introducci\363n}{}% 1
\BOOKMARK [1][-]{section.1.1}{Objetivos}{chapter.1}% 2
\BOOKMARK [1][-]{section.1.2}{Antecedentes y estado actual del tema}{chapter.1}% 3
\BOOKMARK [1][-]{section.1.3}{Metodolog\355a de trabajo}{chapter.1}% 4
\BOOKMARK [0][-]{chapter.2}{Descripci\363n de la aplicaci\363n}{}% 5
\BOOKMARK [1][-]{section.2.1}{Acceso a la aplicaci\363n}{chapter.2}% 6
\BOOKMARK [1][-]{section.2.2}{Crear recetas}{chapter.2}% 7
\BOOKMARK [1][-]{section.2.3}{Editar y eliminar recetas}{chapter.2}% 8
\BOOKMARK [1][-]{section.2.4}{Calculadora}{chapter.2}% 9
\BOOKMARK [1][-]{section.2.5}{Importar y exportar}{chapter.2}% 10
\BOOKMARK [1][-]{section.2.6}{Opciones}{chapter.2}% 11
\BOOKMARK [1][-]{section.2.7}{Dise\361o de la base de datos}{chapter.2}% 12
\BOOKMARK [0][-]{chapter.3}{Gesti\363n de la configuraci\363n}{}% 13
\BOOKMARK [1][-]{section.3.1}{PaaS}{chapter.3}% 14
\BOOKMARK [1][-]{section.3.2}{Heroku}{chapter.3}% 15
\BOOKMARK [1][-]{section.3.3}{OpenShift}{chapter.3}% 16
\BOOKMARK [0][-]{chapter.4}{Metodolog\355a de desarrollo}{}% 17
\BOOKMARK [1][-]{section.4.1}{Metodolog\355a \341gil}{chapter.4}% 18
\BOOKMARK [1][-]{section.4.2}{Estructura de la aplicaci\363n}{chapter.4}% 19
\BOOKMARK [0][-]{chapter.5}{Conclusiones y trabajos futuros}{}% 20
\BOOKMARK [0][-]{chapter.6}{Summary and Conclusions}{}% 21
\BOOKMARK [0][-]{chapter.7}{Presupuesto}{}% 22
\BOOKMARK [0][-]{chapter.8}{Glosario}{}% 23
\BOOKMARK [0][-]{chapter.8}{Bibliograf\355a}{}% 24
